<?xml version="1.0" encoding="UTF-8"?>
<coverage generated="1730904921767" clover="3.2.0">
  <project timestamp="1730904921767" name="All files">
    <metrics statements="12" coveredstatements="12" conditionals="6" coveredconditionals="6" methods="3" coveredmethods="3" elements="21" coveredelements="21" complexity="0" loc="12" ncloc="12" packages="1" files="3" classes="3"/>
    <file name="main.test.ts" path="C:\Users\damia\Desktop\_CODE\uiless.io\src\main.test.ts">
      <metrics statements="10" coveredstatements="10" conditionals="3" coveredconditionals="3" methods="0" coveredmethods="0"/>
      <line num="1" count="1" type="stmt"/>
      <line num="2" count="1" type="stmt"/>
      <line num="4" count="1" type="cond" truecount="1" falsecount="0"/>
      <line num="5" count="1" type="cond" truecount="1" falsecount="0"/>
      <line num="6" count="1" type="stmt"/>
      <line num="7" count="1" type="stmt"/>
      <line num="9" count="1" type="cond" truecount="1" falsecount="0"/>
      <line num="10" count="1" type="stmt"/>
      <line num="11" count="1" type="stmt"/>
      <line num="12" count="1" type="stmt"/>
    </file>
    <file name="main.ts" path="C:\Users\damia\Desktop\_CODE\uiless.io\src\main.ts">
      <metrics statements="2" coveredstatements="2" conditionals="2" coveredconditionals="2" methods="2" coveredmethods="2"/>
      <line num="1" count="1" type="cond" truecount="1" falsecount="0"/>
      <line num="2" count="1" type="cond" truecount="1" falsecount="0"/>
    </file>
    <file name="vite-env.d.ts" path="C:\Users\damia\Desktop\_CODE\uiless.io\src\vite-env.d.ts">
      <metrics statements="0" coveredstatements="0" conditionals="1" coveredconditionals="1" methods="1" coveredmethods="1"/>
    </file>
  </project>
</coverage>
