{"C:\\Users\\damia\\Desktop\\_CODE\\uiless.io\\src\\main.test.ts": {"path":"C:\\Users\\damia\\Desktop\\_CODE\\uiless.io\\src\\main.test.ts","all":false,"statementMap":{"0":{"start":{"line":1,"column":0},"end":{"line":1,"column":34}},"1":{"start":{"line":2,"column":0},"end":{"line":2,"column":48}},"3":{"start":{"line":4,"column":0},"end":{"line":4,"column":34}},"4":{"start":{"line":5,"column":0},"end":{"line":5,"column":62}},"5":{"start":{"line":6,"column":0},"end":{"line":6,"column":33}},"6":{"start":{"line":7,"column":0},"end":{"line":7,"column":5}},"8":{"start":{"line":9,"column":0},"end":{"line":9,"column":67}},"9":{"start":{"line":10,"column":0},"end":{"line":10,"column":33}},"10":{"start":{"line":11,"column":0},"end":{"line":11,"column":5}},"11":{"start":{"line":12,"column":0},"end":{"line":12,"column":3}}},"s":{"0":1,"1":1,"3":1,"4":1,"5":1,"6":1,"8":1,"9":1,"10":1,"11":1},"branchMap":{"0":{"type":"branch","line":4,"loc":{"start":{"line":4,"column":27},"end":{"line":12,"column":3}},"locations":[{"start":{"line":4,"column":27},"end":{"line":12,"column":3}}]},"1":{"type":"branch","line":5,"loc":{"start":{"line":5,"column":49},"end":{"line":7,"column":3}},"locations":[{"start":{"line":5,"column":49},"end":{"line":7,"column":3}}]},"2":{"type":"branch","line":9,"loc":{"start":{"line":9,"column":54},"end":{"line":11,"column":3}},"locations":[{"start":{"line":9,"column":54},"end":{"line":11,"column":3}}]}},"b":{"0":[1],"1":[1],"2":[1]},"fnMap":{},"f":{}}
,"C:\\Users\\damia\\Desktop\\_CODE\\uiless.io\\src\\main.ts": {"path":"C:\\Users\\damia\\Desktop\\_CODE\\uiless.io\\src\\main.ts","all":false,"statementMap":{"0":{"start":{"line":1,"column":0},"end":{"line":1,"column":51}},"1":{"start":{"line":2,"column":0},"end":{"line":2,"column":51}}},"s":{"0":1,"1":1},"branchMap":{"0":{"type":"branch","line":1,"loc":{"start":{"line":1,"column":19},"end":{"line":1,"column":51}},"locations":[{"start":{"line":1,"column":19},"end":{"line":1,"column":51}}]},"1":{"type":"branch","line":2,"loc":{"start":{"line":2,"column":19},"end":{"line":2,"column":51}},"locations":[{"start":{"line":2,"column":19},"end":{"line":2,"column":51}}]}},"b":{"0":[1],"1":[1]},"fnMap":{"0":{"name":"add","decl":{"start":{"line":1,"column":19},"end":{"line":1,"column":51}},"loc":{"start":{"line":1,"column":19},"end":{"line":1,"column":51}},"line":1},"1":{"name":"sub","decl":{"start":{"line":2,"column":19},"end":{"line":2,"column":51}},"loc":{"start":{"line":2,"column":19},"end":{"line":2,"column":51}},"line":2}},"f":{"0":1,"1":1}}
,"C:\\Users\\damia\\Desktop\\_CODE\\uiless.io\\src\\vite-env.d.ts": {"path":"C:\\Users\\damia\\Desktop\\_CODE\\uiless.io\\src\\vite-env.d.ts","all":true,"statementMap":{},"s":{},"branchMap":{"0":{"type":"branch","line":1,"loc":{"start":{"line":1,"column":37},"end":{"line":1,"column":37}},"locations":[{"start":{"line":1,"column":37},"end":{"line":1,"column":37}}]}},"b":{"0":[1]},"fnMap":{"0":{"name":"(empty-report)","decl":{"start":{"line":1,"column":37},"end":{"line":1,"column":37}},"loc":{"start":{"line":1,"column":37},"end":{"line":1,"column":37}},"line":1}},"f":{"0":1}}
}
